<?xml version="1.0" encoding="utf-8"?><testsuites name="pytest tests"><testsuite name="pytest" errors="0" failures="0" skipped="0" tests="6" time="2.541" timestamp="2026-06-24T07:47:06.695991+00:00" hostname="agent-env-7ab656a1-df89-45ec-8da7-6f7362b83f67"><testcase classname="backend.tests.test_bookings_returns" name="test_assign_creates_active_booking" time="1.151" /><testcase classname="backend.tests.test_bookings_returns" name="test_request_return_then_cancel" time="0.219" /><testcase classname="backend.tests.test_bookings_returns" name="test_admin_sees_pending_return" time="0.227" /><testcase classname="backend.tests.test_bookings_returns" name="test_confirm_return_over_refund_412" time="0.180" /><testcase classname="backend.tests.test_bookings_returns" name="test_confirm_return_success" time="0.589" /><testcase classname="backend.tests.test_bookings_returns" name="test_history_shows_returned_booking" time="0.092" /></testsuite></testsuites>