<?xml version="1.0" encoding="utf-8"?><testsuites name="pytest tests"><testsuite name="pytest" errors="0" failures="0" skipped="0" tests="5" time="1.377" timestamp="2026-06-24T07:12:25.136233+00:00" hostname="agent-env-7ab656a1-df89-45ec-8da7-6f7362b83f67"><testcase classname="backend.tests.test_deposits_and_vehicles.TestVehicleCreate" name="test_create_vehicle_with_deposit_and_video" time="0.455" /><testcase classname="backend.tests.test_deposits_and_vehicles.TestDeposits" name="test_get_deposits_empty" time="0.367" /><testcase classname="backend.tests.test_deposits_and_vehicles.TestDeposits" name="test_create_deposit" time="0.103" /><testcase classname="backend.tests.test_deposits_and_vehicles.TestDeposits" name="test_mark_paid" time="0.199" /><testcase classname="backend.tests.test_deposits_and_vehicles.TestAssignmentDepositGate" name="test_assign_after_deposit_succeeds" time="0.191" /></testsuite></testsuites>