<?xml version="1.0" encoding="utf-8"?><testsuites name="pytest tests"><testsuite name="pytest" errors="0" failures="2" skipped="0" tests="5" time="1.177" timestamp="2026-06-24T07:06:17.765188+00:00" hostname="agent-env-7ab656a1-df89-45ec-8da7-6f7362b83f67"><testcase classname="backend.tests.test_deposits_and_vehicles.TestVehicleCreate" name="test_create_vehicle_with_deposit_and_video" time="0.313"><failure message="assert 2000.0 == 2500.0">backend/tests/test_deposits_and_vehicles.py:68: in test_create_vehicle_with_deposit_and_video
    assert v["security_deposit"] == 2500.0
E   assert 2000.0 == 2500.0</failure></testcase><testcase classname="backend.tests.test_deposits_and_vehicles.TestDeposits" name="test_get_deposits_empty" time="0.397" /><testcase classname="backend.tests.test_deposits_and_vehicles.TestDeposits" name="test_create_deposit" time="0.127" /><testcase classname="backend.tests.test_deposits_and_vehicles.TestDeposits" name="test_mark_paid" time="0.191" /><testcase classname="backend.tests.test_deposits_and_vehicles.TestAssignmentDepositGate" name="test_assign_after_deposit_succeeds" time="0.000"><failure message="assert None">backend/tests/test_deposits_and_vehicles.py:125: in test_assign_after_deposit_succeeds
    assert vid
E   assert None</failure></testcase></testsuite></testsuites>