<?xml version="1.0" encoding="utf-8"?><testsuites name="pytest tests"><testsuite name="pytest" errors="0" failures="0" skipped="0" tests="11" time="1.867" timestamp="2026-06-24T08:47:16.576110+00:00" hostname="agent-env-7ab656a1-df89-45ec-8da7-6f7362b83f67"><testcase classname="backend.tests.test_payments_cash_cadence.TestSettings" name="test_public_settings_has_all_new_fields" time="0.528" /><testcase classname="backend.tests.test_payments_cash_cadence.TestSettings" name="test_admin_update_settings_valid" time="0.162" /><testcase classname="backend.tests.test_payments_cash_cadence.TestSettings" name="test_admin_update_invalid_upi" time="0.038" /><testcase classname="backend.tests.test_payments_cash_cadence.TestSettings" name="test_admin_update_invalid_lat" time="0.080" /><testcase classname="backend.tests.test_payments_cash_cadence.TestSettings" name="test_admin_update_invalid_lng" time="0.040" /><testcase classname="backend.tests.test_payments_cash_cadence.TestCadenceOnAssign" name="test_first_due_date_is_start_plus_7_days" time="0.287" /><testcase classname="backend.tests.test_payments_cash_cadence.TestCadenceOnMarkPaid" name="test_next_due_is_prev_due_plus_7d" time="0.162" /><testcase classname="backend.tests.test_payments_cash_cadence.TestCashMarkPaid" name="test_mark_cash_paid_creates_next_anchored_to_prev_due" time="0.248" /><testcase classname="backend.tests.test_payments_cash_cadence.TestCashMarkPaid" name="test_mark_cash_paid_404_unknown" time="0.080" /><testcase classname="backend.tests.test_payments_cash_cadence.TestCashMarkPaid" name="test_mark_cash_paid_non_admin_403" time="0.041" /><testcase classname="backend.tests.test_payments_cash_cadence.TestCleanup" name="test_restore_merchant_upi" time="0.117" /></testsuite></testsuites>