<?xml version="1.0" encoding="utf-8"?><testsuites name="pytest tests"><testsuite name="pytest" errors="0" failures="1" skipped="0" tests="5" time="2.845" timestamp="2026-06-26T06:55:32.032691+00:00" hostname="agent-env-7ab656a1-df89-45ec-8da7-6f7362b83f67"><testcase classname="backend.tests.test_admin_delete_user.TestCascadeDelete" name="test_delete_user_full_cascade" time="1.507" /><testcase classname="backend.tests.test_admin_delete_user.TestDeleteSelf" name="test_admin_cannot_delete_self" time="0.092"><failure message="AssertionError: {&quot;detail&quot;:&quot;Cannot delete an admin account&quot;}&#10;assert 403 == 400&#10; +  where 403 = &lt;Response [403]&gt;.status_code">backend/tests/test_admin_delete_user.py:181: in test_admin_cannot_delete_self
    assert r.status_code == 400, r.text
E   AssertionError: {"detail":"Cannot delete an admin account"}
E   assert 403 == 400
E    +  where 403 = &lt;Response [403]&gt;.status_code</failure></testcase><testcase classname="backend.tests.test_admin_delete_user.TestDeleteOtherAdmin" name="test_cannot_delete_another_admin" time="0.095" /><testcase classname="backend.tests.test_admin_delete_user.TestDeleteMissing" name="test_delete_nonexistent_user" time="0.099" /><testcase classname="backend.tests.test_admin_delete_user.TestDeleteRequiresAdmin" name="test_non_admin_caller_forbidden" time="0.892" /></testsuite></testsuites>