<?xml version="1.0" encoding="utf-8"?><testsuites name="pytest tests"><testsuite name="pytest" errors="0" failures="0" skipped="0" tests="23" time="2.498" timestamp="2026-06-22T15:52:59.077241+00:00" hostname="agent-env-7ab656a1-df89-45ec-8da7-6f7362b83f67"><testcase classname="backend.tests.backend_test.TestAuth" name="test_request_otp_invalid_phone" time="0.117" /><testcase classname="backend.tests.backend_test.TestAuth" name="test_verify_otp_invalid_length" time="0.050" /><testcase classname="backend.tests.backend_test.TestAuth" name="test_admin_flag_correct" time="0.200" /><testcase classname="backend.tests.backend_test.TestAuth" name="test_missing_token_unauthorized" time="0.052" /><testcase classname="backend.tests.backend_test.TestUsers" name="test_get_me" time="0.053" /><testcase classname="backend.tests.backend_test.TestUsers" name="test_update_me_persisted" time="0.110" /><testcase classname="backend.tests.backend_test.TestUsers" name="test_update_location" time="0.050" /><testcase classname="backend.tests.backend_test.TestVehiclesAndAssignment" name="test_admin_only_list_vehicles" time="0.047" /><testcase classname="backend.tests.backend_test.TestVehiclesAndAssignment" name="test_list_vehicles_admin" time="0.048" /><testcase classname="backend.tests.backend_test.TestVehiclesAndAssignment" name="test_create_update_delete_vehicle" time="0.142" /><testcase classname="backend.tests.backend_test.TestVehiclesAndAssignment" name="test_assign_invalid_vehicle_404_before_assign" time="0.046" /><testcase classname="backend.tests.backend_test.TestVehiclesAndAssignment" name="test_assign_vehicle_creates_payment_and_notification" time="0.501" /><testcase classname="backend.tests.backend_test.TestVehiclesAndAssignment" name="test_assign_invalid_vehicle_zzz_done" time="0.000" /><testcase classname="backend.tests.backend_test.TestPayments" name="test_mark_paid_creates_next_pending_and_admin_notif" time="0.232" /><testcase classname="backend.tests.backend_test.TestPayments" name="test_mark_paid_unknown_404" time="0.052" /><testcase classname="backend.tests.backend_test.TestDocuments" name="test_upload_and_list" time="0.097" /><testcase classname="backend.tests.backend_test.TestDocuments" name="test_admin_review" time="0.056" /><testcase classname="backend.tests.backend_test.TestDocuments" name="test_admin_review_invalid_status" time="0.053" /><testcase classname="backend.tests.backend_test.TestDocuments" name="test_delete_doc" time="0.111" /><testcase classname="backend.tests.backend_test.TestAdminEndpoints" name="test_non_admin_403_on_admin_routes" time="0.193" /><testcase classname="backend.tests.backend_test.TestAdminEndpoints" name="test_admin_users_enriched" time="0.054" /><testcase classname="backend.tests.backend_test.TestAdminEndpoints" name="test_admin_stats" time="0.048" /><testcase classname="backend.tests.backend_test.TestAdminEndpoints" name="test_admin_create_broadcast_notification" time="0.116" /></testsuite></testsuites>