<?xml version="1.0" encoding="utf-8"?><testsuites name="pytest tests"><testsuite name="pytest" errors="0" failures="0" skipped="0" tests="16" time="2.156" timestamp="2026-06-22T15:52:51.261535+00:00" hostname="agent-env-7ab656a1-df89-45ec-8da7-6f7362b83f67"><testcase classname="backend.tests.test_settings_and_late_fee.TestAdminSettings" name="test_get_settings_admin" time="0.293" /><testcase classname="backend.tests.test_settings_and_late_fee.TestAdminSettings" name="test_get_settings_non_admin_403" time="0.158" /><testcase classname="backend.tests.test_settings_and_late_fee.TestAdminSettings" name="test_put_settings_valid_persists" time="0.122" /><testcase classname="backend.tests.test_settings_and_late_fee.TestAdminSettings" name="test_put_settings_invalid_weekday" time="0.053" /><testcase classname="backend.tests.test_settings_and_late_fee.TestAdminSettings" name="test_put_settings_invalid_weekday_negative" time="0.055" /><testcase classname="backend.tests.test_settings_and_late_fee.TestAdminSettings" name="test_put_settings_invalid_hour" time="0.053" /><testcase classname="backend.tests.test_settings_and_late_fee.TestAdminSettings" name="test_put_settings_invalid_hour_negative" time="0.055" /><testcase classname="backend.tests.test_settings_and_late_fee.TestAdminSettings" name="test_put_settings_invalid_fee" time="0.053" /><testcase classname="backend.tests.test_settings_and_late_fee.TestAdminSettings" name="test_put_settings_invalid_grace" time="0.057" /><testcase classname="backend.tests.test_settings_and_late_fee.TestAdminSettings" name="test_put_settings_non_admin_403" time="0.053" /><testcase classname="backend.tests.test_settings_and_late_fee.TestAdminSettings" name="test_put_settings_partial" time="0.166" /><testcase classname="backend.tests.test_settings_and_late_fee.TestRemindersRun" name="test_reminders_run_non_admin_403" time="0.058" /><testcase classname="backend.tests.test_settings_and_late_fee.TestRemindersRun" name="test_reminders_run_ok" time="0.054" /><testcase classname="backend.tests.test_settings_and_late_fee.TestRemindersRun" name="test_reminders_idempotent_within_6_days" time="0.053" /><testcase classname="backend.tests.test_settings_and_late_fee.TestLateFeeEngine" name="test_late_fee_auto_recomputed_on_payments_me" time="0.452" /><testcase classname="backend.tests.test_settings_and_late_fee.TestLateFeeEngine" name="test_grace_days_reduces_late_fee" time="0.224" /></testsuite></testsuites>