<?xml version="1.0" encoding="utf-8"?><testsuites name="pytest tests"><testsuite name="pytest" errors="0" failures="0" skipped="0" tests="11" time="2.736" timestamp="2026-06-24T08:03:43.043107+00:00" hostname="agent-env-7ab656a1-df89-45ec-8da7-6f7362b83f67"><testcase classname="backend.tests.test_wallet_returns.TestAdminSettingsMinDeposit" name="test_update_min_deposit_to_1500" time="0.385" /><testcase classname="backend.tests.test_wallet_returns.TestAdminSettingsMinDeposit" name="test_admin_get_settings_echoes_min_deposit" time="0.138" /><testcase classname="backend.tests.test_wallet_returns.TestAdminSettingsMinDeposit" name="test_public_settings_returns_min_deposit" time="0.290" /><testcase classname="backend.tests.test_wallet_returns.TestAdminSettingsMinDeposit" name="test_min_deposit_validation_negative" time="0.126" /><testcase classname="backend.tests.test_wallet_returns.TestAdminSettingsMinDeposit" name="test_reset_min_deposit_to_2000" time="0.127" /><testcase classname="backend.tests.test_wallet_returns.TestWalletTopUpNoVehicle" name="test_topup_creates_pending_deposit" time="0.095" /><testcase classname="backend.tests.test_wallet_returns.TestWalletTopUpNoVehicle" name="test_mark_paid_increments_balance" time="0.189" /><testcase classname="backend.tests.test_wallet_returns.TestConfirmReturnWalletRetention" name="test_over_allocation_412" time="0.862" /><testcase classname="backend.tests.test_wallet_returns.TestConfirmReturnWalletRetention" name="test_confirm_return_success" time="0.252" /><testcase classname="backend.tests.test_wallet_returns.TestConfirmReturnWalletRetention" name="test_vehicle_released" time="0.088" /><testcase classname="backend.tests.test_wallet_returns.TestConfirmReturnWalletRetention" name="test_wallet_balance_retains_300" time="0.101" /></testsuite></testsuites>